build/app/intermediates/manifest_merge_blame_file/release/manifest-merger-blame-release-report.txt
1<?xml version="1.0" encoding="utf-8"?>
2<manifest xmlns:android="http://schemas.android.com/apk/res/android"
3    package="com.example.irgisad"
4    android:versionCode="1"
5    android:versionName="1.0.0" >
6
7    <uses-sdk
8        android:minSdkVersion="19"
8-->src\main\AndroidManifest.xml
9        android:targetSdkVersion="33" />
9-->src\main\AndroidManifest.xml
10
11    <uses-permission android:name="android.permission.INTERNET" />
11-->[com.google.firebase:firebase-auth:22.3.0] AndroidManifest.xml:25:5-67
11-->[com.google.firebase:firebase-auth:22.3.0] AndroidManifest.xml:25:22-64
12    <uses-permission android:name="android.permission.ACCESS_NETWORK_STATE" />
12-->[com.google.firebase:firebase-auth:22.3.0] AndroidManifest.xml:26:5-79
12-->[com.google.firebase:firebase-auth:22.3.0] AndroidManifest.xml:26:22-76
13
14    <permission
14-->[androidx.core:core:1.10.1] AndroidManifest.xml:22:5-24:47
15        android:name="com.example.irgisad.DYNAMIC_RECEIVER_NOT_EXPORTED_PERMISSION"
15-->[androidx.core:core:1.10.1] AndroidManifest.xml:23:9-81
16        android:protectionLevel="signature" />
16-->[androidx.core:core:1.10.1] AndroidManifest.xml:24:9-44
17
18    <uses-permission android:name="com.example.irgisad.DYNAMIC_RECEIVER_NOT_EXPORTED_PERMISSION" />
18-->[androidx.core:core:1.10.1] AndroidManifest.xml:26:5-97
18-->[androidx.core:core:1.10.1] AndroidManifest.xml:26:22-94
19
20    <application
21        android:name="io.flutter.app.FlutterMultiDexApplication"
21-->src\main\AndroidManifest.xml:4:9-42
22        android:appComponentFactory="androidx.core.app.CoreComponentFactory"
22-->[androidx.core:core:1.10.1] AndroidManifest.xml:28:18-86
23        android:icon="@mipmap/ic_launcher"
23-->src\main\AndroidManifest.xml:5:9-43
24        android:label="irgisad" >
24-->src\main\AndroidManifest.xml:3:9-32
25        <activity
25-->src\main\AndroidManifest.xml:6:9-26:20
26            android:name="com.example.irgisad.MainActivity"
26-->src\main\AndroidManifest.xml:7:13-41
27            android:configChanges="orientation|keyboardHidden|keyboard|screenSize|smallestScreenSize|locale|layoutDirection|fontScale|screenLayout|density|uiMode"
27-->src\main\AndroidManifest.xml:11:13-163
28            android:exported="true"
28-->src\main\AndroidManifest.xml:8:13-36
29            android:hardwareAccelerated="true"
29-->src\main\AndroidManifest.xml:12:13-47
30            android:launchMode="singleTop"
30-->src\main\AndroidManifest.xml:9:13-43
31            android:theme="@style/LaunchTheme"
31-->src\main\AndroidManifest.xml:10:13-47
32            android:windowSoftInputMode="adjustResize" >
32-->src\main\AndroidManifest.xml:13:13-55
33
34            <!--
35                 Specifies an Android theme to apply to this Activity as soon as
36                 the Android process has started. This theme is visible to the user
37                 while the Flutter UI initializes. After that, this theme continues
38                 to determine the Window background behind the Flutter UI.
39            -->
40            <meta-data
40-->src\main\AndroidManifest.xml:18:13-21:17
41                android:name="io.flutter.embedding.android.NormalTheme"
41-->src\main\AndroidManifest.xml:19:15-70
42                android:resource="@style/NormalTheme" />
42-->src\main\AndroidManifest.xml:20:15-52
43
44            <intent-filter>
44-->src\main\AndroidManifest.xml:22:13-25:29
45                <action android:name="android.intent.action.MAIN" />
45-->src\main\AndroidManifest.xml:23:17-68
45-->src\main\AndroidManifest.xml:23:25-66
46
47                <category android:name="android.intent.category.LAUNCHER" />
47-->src\main\AndroidManifest.xml:24:17-76
47-->src\main\AndroidManifest.xml:24:27-74
48            </intent-filter>
49        </activity>
50        <!--
51             Don't delete the meta-data below.
52             This is used by the Flutter tool to generate GeneratedPluginRegistrant.java
53        -->
54        <meta-data
54-->src\main\AndroidManifest.xml:29:9-31:33
55            android:name="flutterEmbedding"
55-->src\main\AndroidManifest.xml:30:13-44
56            android:value="2" />
56-->src\main\AndroidManifest.xml:31:13-30
57
58        <service
58-->[:firebase_auth] AndroidManifest.xml:10:9-14:19
59            android:name="com.google.firebase.components.ComponentDiscoveryService"
59-->[:firebase_auth] AndroidManifest.xml:10:18-89
60            android:directBootAware="true"
60-->[com.google.firebase:firebase-common:20.4.2] AndroidManifest.xml:32:13-43
61            android:exported="false" >
61-->[com.google.firebase:firebase-auth:22.3.0] AndroidManifest.xml:68:13-37
62            <meta-data
62-->[:firebase_auth] AndroidManifest.xml:11:13-13:85
63                android:name="com.google.firebase.components:io.flutter.plugins.firebase.auth.FlutterFirebaseAuthRegistrar"
63-->[:firebase_auth] AndroidManifest.xml:12:17-124
64                android:value="com.google.firebase.components.ComponentRegistrar" />
64-->[:firebase_auth] AndroidManifest.xml:13:17-82
65            <meta-data
65-->[:cloud_firestore] AndroidManifest.xml:11:13-13:85
66                android:name="com.google.firebase.components:io.flutter.plugins.firebase.firestore.FlutterFirebaseFirestoreRegistrar"
66-->[:cloud_firestore] AndroidManifest.xml:12:17-134
67                android:value="com.google.firebase.components.ComponentRegistrar" />
67-->[:cloud_firestore] AndroidManifest.xml:13:17-82
68            <meta-data
68-->[:firebase_core] AndroidManifest.xml:11:13-13:85
69                android:name="com.google.firebase.components:io.flutter.plugins.firebase.core.FlutterFirebaseCoreRegistrar"
69-->[:firebase_core] AndroidManifest.xml:12:17-124
70                android:value="com.google.firebase.components.ComponentRegistrar" />
70-->[:firebase_core] AndroidManifest.xml:13:17-82
71            <meta-data
71-->[com.google.firebase:firebase-auth:22.3.0] AndroidManifest.xml:69:13-71:85
72                android:name="com.google.firebase.components:com.google.firebase.auth.FirebaseAuthRegistrar"
72-->[com.google.firebase:firebase-auth:22.3.0] AndroidManifest.xml:70:17-109
73                android:value="com.google.firebase.components.ComponentRegistrar" />
73-->[com.google.firebase:firebase-auth:22.3.0] AndroidManifest.xml:71:17-82
74            <meta-data
74-->[com.google.firebase:firebase-firestore:24.9.1] AndroidManifest.xml:17:13-19:85
75                android:name="com.google.firebase.components:com.google.firebase.firestore.FirebaseFirestoreKtxRegistrar"
75-->[com.google.firebase:firebase-firestore:24.9.1] AndroidManifest.xml:18:17-122
76                android:value="com.google.firebase.components.ComponentRegistrar" />
76-->[com.google.firebase:firebase-firestore:24.9.1] AndroidManifest.xml:19:17-82
77            <meta-data
77-->[com.google.firebase:firebase-firestore:24.9.1] AndroidManifest.xml:20:13-22:85
78                android:name="com.google.firebase.components:com.google.firebase.firestore.FirestoreRegistrar"
78-->[com.google.firebase:firebase-firestore:24.9.1] AndroidManifest.xml:21:17-111
79                android:value="com.google.firebase.components.ComponentRegistrar" />
79-->[com.google.firebase:firebase-firestore:24.9.1] AndroidManifest.xml:22:17-82
80            <meta-data
80-->[com.google.firebase:firebase-common-ktx:20.4.2] AndroidManifest.xml:12:13-14:85
81                android:name="com.google.firebase.components:com.google.firebase.ktx.FirebaseCommonLegacyRegistrar"
81-->[com.google.firebase:firebase-common-ktx:20.4.2] AndroidManifest.xml:13:17-116
82                android:value="com.google.firebase.components.ComponentRegistrar" />
82-->[com.google.firebase:firebase-common-ktx:20.4.2] AndroidManifest.xml:14:17-82
83            <meta-data
83-->[com.google.firebase:firebase-common:20.4.2] AndroidManifest.xml:35:13-37:85
84                android:name="com.google.firebase.components:com.google.firebase.FirebaseCommonKtxRegistrar"
84-->[com.google.firebase:firebase-common:20.4.2] AndroidManifest.xml:36:17-109
85                android:value="com.google.firebase.components.ComponentRegistrar" />
85-->[com.google.firebase:firebase-common:20.4.2] AndroidManifest.xml:37:17-82
86        </service>
87
88        <provider
88-->[:image_picker_android] AndroidManifest.xml:10:9-18:20
89            android:name="io.flutter.plugins.imagepicker.ImagePickerFileProvider"
89-->[:image_picker_android] AndroidManifest.xml:11:13-82
90            android:authorities="com.example.irgisad.flutter.image_provider"
90-->[:image_picker_android] AndroidManifest.xml:12:13-74
91            android:exported="false"
91-->[:image_picker_android] AndroidManifest.xml:13:13-37
92            android:grantUriPermissions="true" >
92-->[:image_picker_android] AndroidManifest.xml:14:13-47
93            <meta-data
93-->[:image_picker_android] AndroidManifest.xml:15:13-17:75
94                android:name="android.support.FILE_PROVIDER_PATHS"
94-->[:image_picker_android] AndroidManifest.xml:16:17-67
95                android:resource="@xml/flutter_image_picker_file_paths" />
95-->[:image_picker_android] AndroidManifest.xml:17:17-72
96        </provider>
97
98        <activity
98-->[com.google.firebase:firebase-auth:22.3.0] AndroidManifest.xml:29:9-46:20
99            android:name="com.google.firebase.auth.internal.GenericIdpActivity"
99-->[com.google.firebase:firebase-auth:22.3.0] AndroidManifest.xml:30:13-80
100            android:excludeFromRecents="true"
100-->[com.google.firebase:firebase-auth:22.3.0] AndroidManifest.xml:31:13-46
101            android:exported="true"
101-->[com.google.firebase:firebase-auth:22.3.0] AndroidManifest.xml:32:13-36
102            android:launchMode="singleTask"
102-->[com.google.firebase:firebase-auth:22.3.0] AndroidManifest.xml:33:13-44
103            android:theme="@android:style/Theme.Translucent.NoTitleBar" >
103-->[com.google.firebase:firebase-auth:22.3.0] AndroidManifest.xml:34:13-72
104            <intent-filter>
104-->[com.google.firebase:firebase-auth:22.3.0] AndroidManifest.xml:35:13-45:29
105                <action android:name="android.intent.action.VIEW" />
105-->[com.google.firebase:firebase-auth:22.3.0] AndroidManifest.xml:36:17-69
105-->[com.google.firebase:firebase-auth:22.3.0] AndroidManifest.xml:36:25-66
106
107                <category android:name="android.intent.category.DEFAULT" />
107-->[com.google.firebase:firebase-auth:22.3.0] AndroidManifest.xml:38:17-76
107-->[com.google.firebase:firebase-auth:22.3.0] AndroidManifest.xml:38:27-73
108                <category android:name="android.intent.category.BROWSABLE" />
108-->[com.google.firebase:firebase-auth:22.3.0] AndroidManifest.xml:39:17-78
108-->[com.google.firebase:firebase-auth:22.3.0] AndroidManifest.xml:39:27-75
109
110                <data
110-->[com.google.firebase:firebase-auth:22.3.0] AndroidManifest.xml:41:17-44:51
111                    android:host="firebase.auth"
111-->[com.google.firebase:firebase-auth:22.3.0] AndroidManifest.xml:42:21-49
112                    android:path="/"
112-->[com.google.firebase:firebase-auth:22.3.0] AndroidManifest.xml:43:21-37
113                    android:scheme="genericidp" />
113-->[com.google.firebase:firebase-auth:22.3.0] AndroidManifest.xml:44:21-48
114            </intent-filter>
115        </activity>
116        <activity
116-->[com.google.firebase:firebase-auth:22.3.0] AndroidManifest.xml:47:9-64:20
117            android:name="com.google.firebase.auth.internal.RecaptchaActivity"
117-->[com.google.firebase:firebase-auth:22.3.0] AndroidManifest.xml:48:13-79
118            android:excludeFromRecents="true"
118-->[com.google.firebase:firebase-auth:22.3.0] AndroidManifest.xml:49:13-46
119            android:exported="true"
119-->[com.google.firebase:firebase-auth:22.3.0] AndroidManifest.xml:50:13-36
120            android:launchMode="singleTask"
120-->[com.google.firebase:firebase-auth:22.3.0] AndroidManifest.xml:51:13-44
121            android:theme="@android:style/Theme.Translucent.NoTitleBar" >
121-->[com.google.firebase:firebase-auth:22.3.0] AndroidManifest.xml:52:13-72
122            <intent-filter>
122-->[com.google.firebase:firebase-auth:22.3.0] AndroidManifest.xml:53:13-63:29
123                <action android:name="android.intent.action.VIEW" />
123-->[com.google.firebase:firebase-auth:22.3.0] AndroidManifest.xml:36:17-69
123-->[com.google.firebase:firebase-auth:22.3.0] AndroidManifest.xml:36:25-66
124
125                <category android:name="android.intent.category.DEFAULT" />
125-->[com.google.firebase:firebase-auth:22.3.0] AndroidManifest.xml:38:17-76
125-->[com.google.firebase:firebase-auth:22.3.0] AndroidManifest.xml:38:27-73
126                <category android:name="android.intent.category.BROWSABLE" />
126-->[com.google.firebase:firebase-auth:22.3.0] AndroidManifest.xml:39:17-78
126-->[com.google.firebase:firebase-auth:22.3.0] AndroidManifest.xml:39:27-75
127
128                <data
128-->[com.google.firebase:firebase-auth:22.3.0] AndroidManifest.xml:41:17-44:51
129                    android:host="firebase.auth"
129-->[com.google.firebase:firebase-auth:22.3.0] AndroidManifest.xml:42:21-49
130                    android:path="/"
130-->[com.google.firebase:firebase-auth:22.3.0] AndroidManifest.xml:43:21-37
131                    android:scheme="recaptcha" />
131-->[com.google.firebase:firebase-auth:22.3.0] AndroidManifest.xml:44:21-48
132            </intent-filter>
133        </activity>
134
135        <provider
135-->[com.google.firebase:firebase-common:20.4.2] AndroidManifest.xml:23:9-28:39
136            android:name="com.google.firebase.provider.FirebaseInitProvider"
136-->[com.google.firebase:firebase-common:20.4.2] AndroidManifest.xml:24:13-77
137            android:authorities="com.example.irgisad.firebaseinitprovider"
137-->[com.google.firebase:firebase-common:20.4.2] AndroidManifest.xml:25:13-72
138            android:directBootAware="true"
138-->[com.google.firebase:firebase-common:20.4.2] AndroidManifest.xml:26:13-43
139            android:exported="false"
139-->[com.google.firebase:firebase-common:20.4.2] AndroidManifest.xml:27:13-37
140            android:initOrder="100" />
140-->[com.google.firebase:firebase-common:20.4.2] AndroidManifest.xml:28:13-36
141
142        <activity
142-->[com.google.android.gms:play-services-base:18.0.1] AndroidManifest.xml:20:9-22:45
143            android:name="com.google.android.gms.common.api.GoogleApiActivity"
143-->[com.google.android.gms:play-services-base:18.0.1] AndroidManifest.xml:20:19-85
144            android:exported="false"
144-->[com.google.android.gms:play-services-base:18.0.1] AndroidManifest.xml:22:19-43
145            android:theme="@android:style/Theme.Translucent.NoTitleBar" />
145-->[com.google.android.gms:play-services-base:18.0.1] AndroidManifest.xml:21:19-78
146
147        <meta-data
147-->[com.google.android.gms:play-services-basement:18.1.0] AndroidManifest.xml:21:9-23:69
148            android:name="com.google.android.gms.version"
148-->[com.google.android.gms:play-services-basement:18.1.0] AndroidManifest.xml:22:13-58
149            android:value="@integer/google_play_services_version" />
149-->[com.google.android.gms:play-services-basement:18.1.0] AndroidManifest.xml:23:13-66
150
151        <uses-library
151-->[androidx.window:window:1.0.0-beta04] AndroidManifest.xml:25:9-27:40
152            android:name="androidx.window.extensions"
152-->[androidx.window:window:1.0.0-beta04] AndroidManifest.xml:26:13-54
153            android:required="false" />
153-->[androidx.window:window:1.0.0-beta04] AndroidManifest.xml:27:13-37
154        <uses-library
154-->[androidx.window:window:1.0.0-beta04] AndroidManifest.xml:28:9-30:40
155            android:name="androidx.window.sidecar"
155-->[androidx.window:window:1.0.0-beta04] AndroidManifest.xml:29:13-51
156            android:required="false" />
156-->[androidx.window:window:1.0.0-beta04] AndroidManifest.xml:30:13-37
157
158        <provider
158-->[androidx.profileinstaller:profileinstaller:1.3.0] AndroidManifest.xml:24:9-32:20
159            android:name="androidx.startup.InitializationProvider"
159-->[androidx.profileinstaller:profileinstaller:1.3.0] AndroidManifest.xml:25:13-67
160            android:authorities="com.example.irgisad.androidx-startup"
160-->[androidx.profileinstaller:profileinstaller:1.3.0] AndroidManifest.xml:26:13-68
161            android:exported="false" >
161-->[androidx.profileinstaller:profileinstaller:1.3.0] AndroidManifest.xml:27:13-37
162            <meta-data
162-->[androidx.profileinstaller:profileinstaller:1.3.0] AndroidManifest.xml:29:13-31:52
163                android:name="androidx.profileinstaller.ProfileInstallerInitializer"
163-->[androidx.profileinstaller:profileinstaller:1.3.0] AndroidManifest.xml:30:17-85
164                android:value="androidx.startup" />
164-->[androidx.profileinstaller:profileinstaller:1.3.0] AndroidManifest.xml:31:17-49
165        </provider>
166
167        <receiver
167-->[androidx.profileinstaller:profileinstaller:1.3.0] AndroidManifest.xml:34:9-52:20
168            android:name="androidx.profileinstaller.ProfileInstallReceiver"
168-->[androidx.profileinstaller:profileinstaller:1.3.0] AndroidManifest.xml:35:13-76
169            android:directBootAware="false"
169-->[androidx.profileinstaller:profileinstaller:1.3.0] AndroidManifest.xml:36:13-44
170            android:enabled="true"
170-->[androidx.profileinstaller:profileinstaller:1.3.0] AndroidManifest.xml:37:13-35
171            android:exported="true"
171-->[androidx.profileinstaller:profileinstaller:1.3.0] AndroidManifest.xml:38:13-36
172            android:permission="android.permission.DUMP" >
172-->[androidx.profileinstaller:profileinstaller:1.3.0] AndroidManifest.xml:39:13-57
173            <intent-filter>
173-->[androidx.profileinstaller:profileinstaller:1.3.0] AndroidManifest.xml:40:13-42:29
174                <action android:name="androidx.profileinstaller.action.INSTALL_PROFILE" />
174-->[androidx.profileinstaller:profileinstaller:1.3.0] AndroidManifest.xml:41:17-91
174-->[androidx.profileinstaller:profileinstaller:1.3.0] AndroidManifest.xml:41:25-88
175            </intent-filter>
176            <intent-filter>
176-->[androidx.profileinstaller:profileinstaller:1.3.0] AndroidManifest.xml:43:13-45:29
177                <action android:name="androidx.profileinstaller.action.SKIP_FILE" />
177-->[androidx.profileinstaller:profileinstaller:1.3.0] AndroidManifest.xml:44:17-85
177-->[androidx.profileinstaller:profileinstaller:1.3.0] AndroidManifest.xml:44:25-82
178            </intent-filter>
179            <intent-filter>
179-->[androidx.profileinstaller:profileinstaller:1.3.0] AndroidManifest.xml:46:13-48:29
180                <action android:name="androidx.profileinstaller.action.SAVE_PROFILE" />
180-->[androidx.profileinstaller:profileinstaller:1.3.0] AndroidManifest.xml:47:17-88
180-->[androidx.profileinstaller:profileinstaller:1.3.0] AndroidManifest.xml:47:25-85
181            </intent-filter>
182            <intent-filter>
182-->[androidx.profileinstaller:profileinstaller:1.3.0] AndroidManifest.xml:49:13-51:29
183                <action android:name="androidx.profileinstaller.action.BENCHMARK_OPERATION" />
183-->[androidx.profileinstaller:profileinstaller:1.3.0] AndroidManifest.xml:50:17-95
183-->[androidx.profileinstaller:profileinstaller:1.3.0] AndroidManifest.xml:50:25-92
184            </intent-filter>
185        </receiver>
186    </application>
187
188</manifest>